# JRE version: OpenJDK Runtime Environment (8.0_76-b03) (build 1.8.0_76-release-b03)
# Java VM: OpenJDK 64-Bit Server VM (25.76-b03 mixed mode windows-amd64 compressed oops)
Heap:
 PSYoungGen      total 92160K, used 41419K [0x00000000e0000000, 0x00000000e8380000, 0x0000000100000000)
  eden space 82432K, 50% used [0x00000000e0000000,0x00000000e2872e18,0x00000000e5080000)
  from space 9728K, 0% used [0x00000000e5080000,0x00000000e5080000,0x00000000e5a00000)
  to   space 10240K, 0% used [0x00000000e7980000,0x00000000e7980000,0x00000000e8380000)
 ParOldGen       total 60928K, used 17537K [0x00000000a0000000, 0x00000000a3b80000, 0x00000000e0000000)
  object space 60928K, 28% used [0x00000000a0000000,0x00000000a11207f8,0x00000000a3b80000)
 Metaspace       used 36561K, capacity 37272K, committed 37680K, reserved 1081344K
  class space    used 4925K, capacity 5094K, committed 5168K, reserved 1048576K
GC Heap History (10 events):
Event: 10.677 GC heap before
{Heap before GC invocations=7 (full 1):
 PSYoungGen      total 36864K, used 36012K [0x00000000e0000000, 0x00000000e4800000, 0x0000000100000000)
  eden space 31744K, 100% used [0x00000000e0000000,0x00000000e1f00000,0x00000000e1f00000)
  from space 5120K, 83% used [0x00000000e1f00000,0x00000000e232b270,0x00000000e2400000)
  to   space 10752K, 0% used [0x00000000e3d80000,0x00000000e3d80000,0x00000000e4800000)
 ParOldGen       total 60928K, used 8548K [0x00000000a0000000, 0x00000000a3b80000, 0x00000000e0000000)
  object space 60928K, 14% used [0x00000000a0000000,0x00000000a0859258,0x00000000a3b80000)
 Metaspace       used 25857K, capacity 26346K, committed 26544K, reserved 1073152K
  class space    used 3545K, capacity 3673K, committed 3760K, reserved 1048576K
Event: 10.685 GC heap after
Heap after GC invocations=7 (full 1):
 PSYoungGen      total 62976K, used 5113K [0x00000000e0000000, 0x00000000e4780000, 0x0000000100000000)
  eden space 52736K, 0% used [0x00000000e0000000,0x00000000e0000000,0x00000000e3380000)
  from space 10240K, 49% used [0x00000000e3d80000,0x00000000e427e760,0x00000000e4780000)
  to   space 10240K, 0% used [0x00000000e3380000,0x00000000e3380000,0x00000000e3d80000)
 ParOldGen       total 60928K, used 8548K [0x00000000a0000000, 0x00000000a3b80000, 0x00000000e0000000)
  object space 60928K, 14% used [0x00000000a0000000,0x00000000a0859258,0x00000000a3b80000)
 Metaspace       used 25857K, capacity 26346K, committed 26544K, reserved 1073152K
  class space    used 3545K, capacity 3673K, committed 3760K, reserved 1048576K
}
Event: 13.756 GC heap before
{Heap before GC invocations=8 (full 1):
 PSYoungGen      total 62976K, used 57849K [0x00000000e0000000, 0x00000000e4780000, 0x0000000100000000)
  eden space 52736K, 100% used [0x00000000e0000000,0x00000000e3380000,0x00000000e3380000)
  from space 10240K, 49% used [0x00000000e3d80000,0x00000000e427e760,0x00000000e4780000)
  to   space 10240K, 0% used [0x00000000e3380000,0x00000000e3380000,0x00000000e3d80000)
 ParOldGen       total 60928K, used 8548K [0x00000000a0000000, 0x00000000a3b80000, 0x00000000e0000000)
  object space 60928K, 14% used [0x00000000a0000000,0x00000000a0859258,0x00000000a3b80000)
 Metaspace       used 27822K, capacity 28290K, committed 28592K, reserved 1073152K
  class space    used 3790K, capacity 3933K, committed 4016K, reserved 1048576K
Event: 13.768 GC heap after
Heap after GC invocations=8 (full 1):
 PSYoungGen      total 62976K, used 5243K [0x00000000e0000000, 0x00000000e6700000, 0x0000000100000000)
  eden space 52736K, 0% used [0x00000000e0000000,0x00000000e0000000,0x00000000e3380000)
  from space 10240K, 51% used [0x00000000e3380000,0x00000000e389ec50,0x00000000e3d80000)
  to   space 10240K, 0% used [0x00000000e5d00000,0x00000000e5d00000,0x00000000e6700000)
 ParOldGen       total 60928K, used 8564K [0x00000000a0000000, 0x00000000a3b80000, 0x00000000e0000000)
  object space 60928K, 14% used [0x00000000a0000000,0x00000000a085d270,0x00000000a3b80000)
 Metaspace       used 27822K, capacity 28290K, committed 28592K, reserved 1073152K
  class space    used 3790K, capacity 3933K, committed 4016K, reserved 1048576K
}
Event: 19.655 GC heap before
{Heap before GC invocations=9 (full 1):
 PSYoungGen      total 62976K, used 57979K [0x00000000e0000000, 0x00000000e6700000, 0x0000000100000000)
  eden space 52736K, 100% used [0x00000000e0000000,0x00000000e3380000,0x00000000e3380000)
  from space 10240K, 51% used [0x00000000e3380000,0x00000000e389ec50,0x00000000e3d80000)
  to   space 10240K, 0% used [0x00000000e5d00000,0x00000000e5d00000,0x00000000e6700000)
 ParOldGen       total 60928K, used 8564K [0x00000000a0000000, 0x00000000a3b80000, 0x00000000e0000000)
  object space 60928K, 14% used [0x00000000a0000000,0x00000000a085d270,0x00000000a3b80000)
 Metaspace       used 30123K, capacity 30580K, committed 30896K, reserved 1075200K
  class space    used 4071K, capacity 4211K, committed 4272K, reserved 1048576K
Event: 19.667 GC heap after
Heap after GC invocations=9 (full 1):
 PSYoungGen      total 89088K, used 6528K [0x00000000e0000000, 0x00000000e6380000, 0x0000000100000000)
  eden space 82432K, 0% used [0x00000000e0000000,0x00000000e0000000,0x00000000e5080000)
  from space 6656K, 98% used [0x00000000e5d00000,0x00000000e6360290,0x00000000e6380000)
  to   space 9728K, 0% used [0x00000000e5080000,0x00000000e5080000,0x00000000e5a00000)
 ParOldGen       total 60928K, used 8636K [0x00000000a0000000, 0x00000000a3b80000, 0x00000000e0000000)
  object space 60928K, 14% used [0x00000000a0000000,0x00000000a086f280,0x00000000a3b80000)
 Metaspace       used 30123K, capacity 30580K, committed 30896K, reserved 1075200K
  class space    used 4071K, capacity 4211K, committed 4272K, reserved 1048576K
}
Event: 21.063 GC heap before
{Heap before GC invocations=10 (full 1):
 PSYoungGen      total 89088K, used 71064K [0x00000000e0000000, 0x00000000e6380000, 0x0000000100000000)
  eden space 82432K, 78% used [0x00000000e0000000,0x00000000e3f05f08,0x00000000e5080000)
  from space 6656K, 98% used [0x00000000e5d00000,0x00000000e6360290,0x00000000e6380000)
  to   space 9728K, 0% used [0x00000000e5080000,0x00000000e5080000,0x00000000e5a00000)
 ParOldGen       total 60928K, used 8636K [0x00000000a0000000, 0x00000000a3b80000, 0x00000000e0000000)
  object space 60928K, 14% used [0x00000000a0000000,0x00000000a086f280,0x00000000a3b80000)
 Metaspace       used 34606K, capacity 35160K, committed 35496K, reserved 1079296K
  class space    used 4630K, capacity 4817K, committed 4912K, reserved 1048576K
Event: 21.091 GC heap after
Heap after GC invocations=10 (full 1):
 PSYoungGen      total 92160K, used 8126K [0x00000000e0000000, 0x00000000e8380000, 0x0000000100000000)
  eden space 82432K, 0% used [0x00000000e0000000,0x00000000e0000000,0x00000000e5080000)
  from space 9728K, 83% used [0x00000000e5080000,0x00000000e586fa10,0x00000000e5a00000)
  to   space 10240K, 0% used [0x00000000e7980000,0x00000000e7980000,0x00000000e8380000)
 ParOldGen       total 60928K, used 11164K [0x00000000a0000000, 0x00000000a3b80000, 0x00000000e0000000)
  object space 60928K, 18% used [0x00000000a0000000,0x00000000a0ae72b0,0x00000000a3b80000)
 Metaspace       used 34606K, capacity 35160K, committed 35496K, reserved 1079296K
  class space    used 4630K, capacity 4817K, committed 4912K, reserved 1048576K
}
Event: 21.091 GC heap before
{Heap before GC invocations=11 (full 2):
 PSYoungGen      total 92160K, used 8126K [0x00000000e0000000, 0x00000000e8380000, 0x0000000100000000)
  eden space 82432K, 0% used [0x00000000e0000000,0x00000000e0000000,0x00000000e5080000)
  from space 9728K, 83% used [0x00000000e5080000,0x00000000e586fa10,0x00000000e5a00000)
  to   space 10240K, 0% used [0x00000000e7980000,0x00000000e7980000,0x00000000e8380000)
 ParOldGen       total 60928K, used 11164K [0x00000000a0000000, 0x00000000a3b80000, 0x00000000e0000000)
  object space 60928K, 18% used [0x00000000a0000000,0x00000000a0ae72b0,0x00000000a3b80000)
 Metaspace       used 34606K, capacity 35160K, committed 35496K, reserved 1079296K
  class space    used 4630K, capacity 4817K, committed 4912K, reserved 1048576K
Event: 21.221 GC heap after
Heap after GC invocations=11 (full 2):
 PSYoungGen      total 92160K, used 0K [0x00000000e0000000, 0x00000000e8380000, 0x0000000100000000)
  eden space 82432K, 0% used [0x00000000e0000000,0x00000000e0000000,0x00000000e5080000)
  from space 9728K, 0% used [0x00000000e5080000,0x00000000e5080000,0x00000000e5a00000)
  to   space 10240K, 0% used [0x00000000e7980000,0x00000000e7980000,0x00000000e8380000)
 ParOldGen       total 60928K, used 17537K [0x00000000a0000000, 0x00000000a3b80000, 0x00000000e0000000)
  object space 60928K, 28% used [0x00000000a0000000,0x00000000a11207f8,0x00000000a3b80000)
 Metaspace       used 34606K, capacity 35160K, committed 35496K, reserved 1079296K
  class space    used 4630K, capacity 4817K, committed 4912K, reserved 1048576K
}

