# JRE version: OpenJDK Runtime Environment (8.0_76-b03) (build 1.8.0_76-release-b03)
# Java VM: OpenJDK 64-Bit Server VM (25.76-b03 mixed mode windows-amd64 compressed oops)
Heap:
 PSYoungGen      total 113152K, used 32589K [0x00000000e0000000, 0x00000000e7880000, 0x0000000100000000)
  eden space 102912K, 31% used [0x00000000e0000000,0x00000000e1fd36d0,0x00000000e6480000)
  from space 10240K, 0% used [0x00000000e6480000,0x00000000e6480000,0x00000000e6e80000)
  to   space 7680K, 0% used [0x00000000e7100000,0x00000000e7100000,0x00000000e7880000)
 ParOldGen       total 72704K, used 22633K [0x00000000a0000000, 0x00000000a4700000, 0x00000000e0000000)
  object space 72704K, 31% used [0x00000000a0000000,0x00000000a161a750,0x00000000a4700000)
 Metaspace       used 41604K, capacity 42380K, committed 42928K, reserved 1087488K
  class space    used 5517K, capacity 5702K, committed 5808K, reserved 1048576K
GC Heap History (10 events):
Event: 13.436 GC heap before
{Heap before GC invocations=8 (full 1):
 PSYoungGen      total 110592K, used 108093K [0x00000000e0000000, 0x00000000e7880000, 0x0000000100000000)
  eden space 102912K, 100% used [0x00000000e0000000,0x00000000e6480000,0x00000000e6480000)
  from space 7680K, 67% used [0x00000000e7100000,0x00000000e760f7a8,0x00000000e7880000)
  to   space 10240K, 0% used [0x00000000e6480000,0x00000000e6480000,0x00000000e6e80000)
 ParOldGen       total 55808K, used 11328K [0x00000000a0000000, 0x00000000a3680000, 0x00000000e0000000)
  object space 55808K, 20% used [0x00000000a0000000,0x00000000a0b102f8,0x00000000a3680000)
 Metaspace       used 34130K, capacity 34696K, committed 34992K, reserved 1079296K
  class space    used 4561K, capacity 4753K, committed 4784K, reserved 1048576K
Event: 13.461 GC heap after
Heap after GC invocations=8 (full 1):
 PSYoungGen      total 113152K, used 10234K [0x00000000e0000000, 0x00000000e7880000, 0x0000000100000000)
  eden space 102912K, 0% used [0x00000000e0000000,0x00000000e0000000,0x00000000e6480000)
  from space 10240K, 99% used [0x00000000e6480000,0x00000000e6e7e850,0x00000000e6e80000)
  to   space 7680K, 0% used [0x00000000e7100000,0x00000000e7100000,0x00000000e7880000)
 ParOldGen       total 55808K, used 12849K [0x00000000a0000000, 0x00000000a3680000, 0x00000000e0000000)
  object space 55808K, 23% used [0x00000000a0000000,0x00000000a0c8c4a8,0x00000000a3680000)
 Metaspace       used 34130K, capacity 34696K, committed 34992K, reserved 1079296K
  class space    used 4561K, capacity 4753K, committed 4784K, reserved 1048576K
}
Event: 13.537 GC heap before
{Heap before GC invocations=9 (full 1):
 PSYoungGen      total 113152K, used 16105K [0x00000000e0000000, 0x00000000e7880000, 0x0000000100000000)
  eden space 102912K, 5% used [0x00000000e0000000,0x00000000e05bbbb8,0x00000000e6480000)
  from space 10240K, 99% used [0x00000000e6480000,0x00000000e6e7e850,0x00000000e6e80000)
  to   space 7680K, 0% used [0x00000000e7100000,0x00000000e7100000,0x00000000e7880000)
 ParOldGen       total 55808K, used 12849K [0x00000000a0000000, 0x00000000a3680000, 0x00000000e0000000)
  object space 55808K, 23% used [0x00000000a0000000,0x00000000a0c8c4a8,0x00000000a3680000)
 Metaspace       used 34563K, capacity 35112K, committed 35496K, reserved 1079296K
  class space    used 4619K, capacity 4785K, committed 4912K, reserved 1048576K
Event: 13.546 GC heap after
Heap after GC invocations=9 (full 1):
 PSYoungGen      total 110592K, used 7650K [0x00000000e0000000, 0x00000000e7880000, 0x0000000100000000)
  eden space 102912K, 0% used [0x00000000e0000000,0x00000000e0000000,0x00000000e6480000)
  from space 7680K, 99% used [0x00000000e7100000,0x00000000e7878bd8,0x00000000e7880000)
  to   space 10240K, 0% used [0x00000000e6480000,0x00000000e6480000,0x00000000e6e80000)
 ParOldGen       total 55808K, used 13086K [0x00000000a0000000, 0x00000000a3680000, 0x00000000e0000000)
  object space 55808K, 23% used [0x00000000a0000000,0x00000000a0cc7ba8,0x00000000a3680000)
 Metaspace       used 34563K, capacity 35112K, committed 35496K, reserved 1079296K
  class space    used 4619K, capacity 4785K, committed 4912K, reserved 1048576K
}
Event: 13.546 GC heap before
{Heap before GC invocations=10 (full 2):
 PSYoungGen      total 110592K, used 7650K [0x00000000e0000000, 0x00000000e7880000, 0x0000000100000000)
  eden space 102912K, 0% used [0x00000000e0000000,0x00000000e0000000,0x00000000e6480000)
  from space 7680K, 99% used [0x00000000e7100000,0x00000000e7878bd8,0x00000000e7880000)
  to   space 10240K, 0% used [0x00000000e6480000,0x00000000e6480000,0x00000000e6e80000)
 ParOldGen       total 55808K, used 13086K [0x00000000a0000000, 0x00000000a3680000, 0x00000000e0000000)
  object space 55808K, 23% used [0x00000000a0000000,0x00000000a0cc7ba8,0x00000000a3680000)
 Metaspace       used 34563K, capacity 35112K, committed 35496K, reserved 1079296K
  class space    used 4619K, capacity 4785K, committed 4912K, reserved 1048576K
Event: 13.643 GC heap after
Heap after GC invocations=10 (full 2):
 PSYoungGen      total 110592K, used 0K [0x00000000e0000000, 0x00000000e7880000, 0x0000000100000000)
  eden space 102912K, 0% used [0x00000000e0000000,0x00000000e0000000,0x00000000e6480000)
  from space 7680K, 0% used [0x00000000e7100000,0x00000000e7100000,0x00000000e7880000)
  to   space 10240K, 0% used [0x00000000e6480000,0x00000000e6480000,0x00000000e6e80000)
 ParOldGen       total 72704K, used 14840K [0x00000000a0000000, 0x00000000a4700000, 0x00000000e0000000)
  object space 72704K, 20% used [0x00000000a0000000,0x00000000a0e7e100,0x00000000a4700000)
 Metaspace       used 34563K, capacity 35112K, committed 35496K, reserved 1079296K
  class space    used 4619K, capacity 4785K, committed 4912K, reserved 1048576K
}
Event: 18.075 GC heap before
{Heap before GC invocations=11 (full 2):
 PSYoungGen      total 110592K, used 100317K [0x00000000e0000000, 0x00000000e7880000, 0x0000000100000000)
  eden space 102912K, 97% used [0x00000000e0000000,0x00000000e61f7490,0x00000000e6480000)
  from space 7680K, 0% used [0x00000000e7100000,0x00000000e7100000,0x00000000e7880000)
  to   space 10240K, 0% used [0x00000000e6480000,0x00000000e6480000,0x00000000e6e80000)
 ParOldGen       total 72704K, used 14840K [0x00000000a0000000, 0x00000000a4700000, 0x00000000e0000000)
  object space 72704K, 20% used [0x00000000a0000000,0x00000000a0e7e100,0x00000000a4700000)
 Metaspace       used 41549K, capacity 42298K, committed 42672K, reserved 1089536K
  class space    used 5515K, capacity 5699K, committed 5808K, reserved 1048576K
Event: 18.084 GC heap after
Heap after GC invocations=11 (full 2):
 PSYoungGen      total 113152K, used 8855K [0x00000000e0000000, 0x00000000e7880000, 0x0000000100000000)
  eden space 102912K, 0% used [0x00000000e0000000,0x00000000e0000000,0x00000000e6480000)
  from space 10240K, 86% used [0x00000000e6480000,0x00000000e6d25ed8,0x00000000e6e80000)
  to   space 7680K, 0% used [0x00000000e7100000,0x00000000e7100000,0x00000000e7880000)
 ParOldGen       total 72704K, used 14848K [0x00000000a0000000, 0x00000000a4700000, 0x00000000e0000000)
  object space 72704K, 20% used [0x00000000a0000000,0x00000000a0e80100,0x00000000a4700000)
 Metaspace       used 41549K, capacity 42298K, committed 42672K, reserved 1089536K
  class space    used 5515K, capacity 5699K, committed 5808K, reserved 1048576K
}
Event: 18.084 GC heap before
{Heap before GC invocations=12 (full 3):
 PSYoungGen      total 113152K, used 8855K [0x00000000e0000000, 0x00000000e7880000, 0x0000000100000000)
  eden space 102912K, 0% used [0x00000000e0000000,0x00000000e0000000,0x00000000e6480000)
  from space 10240K, 86% used [0x00000000e6480000,0x00000000e6d25ed8,0x00000000e6e80000)
  to   space 7680K, 0% used [0x00000000e7100000,0x00000000e7100000,0x00000000e7880000)
 ParOldGen       total 72704K, used 14848K [0x00000000a0000000, 0x00000000a4700000, 0x00000000e0000000)
  object space 72704K, 20% used [0x00000000a0000000,0x00000000a0e80100,0x00000000a4700000)
 Metaspace       used 41549K, capacity 42298K, committed 42672K, reserved 1089536K
  class space    used 5515K, capacity 5699K, committed 5808K, reserved 1048576K
Event: 18.294 GC heap after
Heap after GC invocations=12 (full 3):
 PSYoungGen      total 113152K, used 0K [0x00000000e0000000, 0x00000000e7880000, 0x0000000100000000)
  eden space 102912K, 0% used [0x00000000e0000000,0x00000000e0000000,0x00000000e6480000)
  from space 10240K, 0% used [0x00000000e6480000,0x00000000e6480000,0x00000000e6e80000)
  to   space 7680K, 0% used [0x00000000e7100000,0x00000000e7100000,0x00000000e7880000)
 ParOldGen       total 72704K, used 22633K [0x00000000a0000000, 0x00000000a4700000, 0x00000000e0000000)
  object space 72704K, 31% used [0x00000000a0000000,0x00000000a161a750,0x00000000a4700000)
 Metaspace       used 41549K, capacity 42298K, committed 42672K, reserved 1087488K
  class space    used 5515K, capacity 5699K, committed 5808K, reserved 1048576K
}

