# JRE version: OpenJDK Runtime Environment (8.0_76-b03) (build 1.8.0_76-release-b03)
# Java VM: OpenJDK 64-Bit Server VM (25.76-b03 mixed mode windows-amd64 compressed oops)
Heap:
 PSYoungGen      total 461312K, used 102981K [0x00000000e0000000, 0x0000000100000000, 0x0000000100000000)
  eden space 398336K, 25% used [0x00000000e0000000,0x00000000e64915c8,0x00000000f8500000)
  from space 62976K, 0% used [0x00000000fc280000,0x00000000fc280000,0x0000000100000000)
  to   space 62976K, 0% used [0x00000000f8500000,0x00000000f8500000,0x00000000fc280000)
 ParOldGen       total 177152K, used 38670K [0x00000000a0000000, 0x00000000aad00000, 0x00000000e0000000)
  object space 177152K, 21% used [0x00000000a0000000,0x00000000a25c3bb0,0x00000000aad00000)
 Metaspace       used 72139K, capacity 74368K, committed 76976K, reserved 1116160K
  class space    used 9045K, capacity 9439K, committed 10160K, reserved 1048576K
GC Heap History (10 events):
Event: 3873.723 GC heap before
{Heap before GC invocations=24 (full 5):
 PSYoungGen      total 361984K, used 321024K [0x00000000e0000000, 0x00000000fa180000, 0x0000000100000000)
  eden space 321024K, 100% used [0x00000000e0000000,0x00000000f3980000,0x00000000f3980000)
  from space 40960K, 0% used [0x00000000f6980000,0x00000000f6980000,0x00000000f9180000)
  to   space 49152K, 0% used [0x00000000f3980000,0x00000000f3980000,0x00000000f6980000)
 ParOldGen       total 177152K, used 70709K [0x00000000a0000000, 0x00000000aad00000, 0x00000000e0000000)
  object space 177152K, 39% used [0x00000000a0000000,0x00000000a450d5e8,0x00000000aad00000)
 Metaspace       used 70819K, capacity 72908K, committed 76976K, reserved 1116160K
  class space    used 8871K, capacity 9235K, committed 10160K, reserved 1048576K
Event: 3873.777 GC heap after
Heap after GC invocations=24 (full 5):
 PSYoungGen      total 370176K, used 23427K [0x00000000e0000000, 0x00000000fe080000, 0x0000000100000000)
  eden space 321024K, 0% used [0x00000000e0000000,0x00000000e0000000,0x00000000f3980000)
  from space 49152K, 47% used [0x00000000f3980000,0x00000000f5060c50,0x00000000f6980000)
  to   space 47104K, 0% used [0x00000000fb280000,0x00000000fb280000,0x00000000fe080000)
 ParOldGen       total 177152K, used 70709K [0x00000000a0000000, 0x00000000aad00000, 0x00000000e0000000)
  object space 177152K, 39% used [0x00000000a0000000,0x00000000a450d5e8,0x00000000aad00000)
 Metaspace       used 70819K, capacity 72908K, committed 76976K, reserved 1116160K
  class space    used 8871K, capacity 9235K, committed 10160K, reserved 1048576K
}
Event: 3874.899 GC heap before
{Heap before GC invocations=25 (full 5):
 PSYoungGen      total 370176K, used 344451K [0x00000000e0000000, 0x00000000fe080000, 0x0000000100000000)
  eden space 321024K, 100% used [0x00000000e0000000,0x00000000f3980000,0x00000000f3980000)
  from space 49152K, 47% used [0x00000000f3980000,0x00000000f5060c50,0x00000000f6980000)
  to   space 47104K, 0% used [0x00000000fb280000,0x00000000fb280000,0x00000000fe080000)
 ParOldGen       total 177152K, used 70709K [0x00000000a0000000, 0x00000000aad00000, 0x00000000e0000000)
  object space 177152K, 39% used [0x00000000a0000000,0x00000000a450d5e8,0x00000000aad00000)
 Metaspace       used 70844K, capacity 72972K, committed 76976K, reserved 1116160K
  class space    used 8872K, capacity 9235K, committed 10160K, reserved 1048576K
Event: 3875.037 GC heap after
Heap after GC invocations=25 (full 5):
 PSYoungGen      total 435200K, used 47072K [0x00000000e0000000, 0x00000000ffd80000, 0x0000000100000000)
  eden space 388096K, 0% used [0x00000000e0000000,0x00000000e0000000,0x00000000f7b00000)
  from space 47104K, 99% used [0x00000000fb280000,0x00000000fe078290,0x00000000fe080000)
  to   space 56832K, 0% used [0x00000000f7b00000,0x00000000f7b00000,0x00000000fb280000)
 ParOldGen       total 177152K, used 78455K [0x00000000a0000000, 0x00000000aad00000, 0x00000000e0000000)
  object space 177152K, 44% used [0x00000000a0000000,0x00000000a4c9ddb8,0x00000000aad00000)
 Metaspace       used 70844K, capacity 72972K, committed 76976K, reserved 1116160K
  class space    used 8872K, capacity 9235K, committed 10160K, reserved 1048576K
}
Event: 3876.452 GC heap before
{Heap before GC invocations=26 (full 5):
 PSYoungGen      total 435200K, used 434696K [0x00000000e0000000, 0x00000000ffd80000, 0x0000000100000000)
  eden space 388096K, 99% used [0x00000000e0000000,0x00000000f7a89dc8,0x00000000f7b00000)
  from space 47104K, 99% used [0x00000000fb280000,0x00000000fe078290,0x00000000fe080000)
  to   space 56832K, 0% used [0x00000000f7b00000,0x00000000f7b00000,0x00000000fb280000)
 ParOldGen       total 177152K, used 78455K [0x00000000a0000000, 0x00000000aad00000, 0x00000000e0000000)
  object space 177152K, 44% used [0x00000000a0000000,0x00000000a4c9ddb8,0x00000000aad00000)
 Metaspace       used 71858K, capacity 73972K, committed 76976K, reserved 1116160K
  class space    used 9007K, capacity 9373K, committed 10160K, reserved 1048576K
Event: 3876.511 GC heap after
Heap after GC invocations=26 (full 5):
 PSYoungGen      total 444928K, used 49350K [0x00000000e0000000, 0x0000000100000000, 0x0000000100000000)
  eden space 388096K, 0% used [0x00000000e0000000,0x00000000e0000000,0x00000000f7b00000)
  from space 56832K, 86% used [0x00000000f7b00000,0x00000000fab31848,0x00000000fb280000)
  to   space 62976K, 0% used [0x00000000fc280000,0x00000000fc280000,0x0000000100000000)
 ParOldGen       total 177152K, used 78463K [0x00000000a0000000, 0x00000000aad00000, 0x00000000e0000000)
  object space 177152K, 44% used [0x00000000a0000000,0x00000000a4c9fdb8,0x00000000aad00000)
 Metaspace       used 71858K, capacity 73972K, committed 76976K, reserved 1116160K
  class space    used 9007K, capacity 9373K, committed 10160K, reserved 1048576K
}
Event: 3876.745 GC heap before
{Heap before GC invocations=27 (full 5):
 PSYoungGen      total 444928K, used 156835K [0x00000000e0000000, 0x0000000100000000, 0x0000000100000000)
  eden space 388096K, 27% used [0x00000000e0000000,0x00000000e68f7768,0x00000000f7b00000)
  from space 56832K, 86% used [0x00000000f7b00000,0x00000000fab31848,0x00000000fb280000)
  to   space 62976K, 0% used [0x00000000fc280000,0x00000000fc280000,0x0000000100000000)
 ParOldGen       total 177152K, used 78463K [0x00000000a0000000, 0x00000000aad00000, 0x00000000e0000000)
  object space 177152K, 44% used [0x00000000a0000000,0x00000000a4c9fdb8,0x00000000aad00000)
 Metaspace       used 71972K, capacity 74100K, committed 76976K, reserved 1116160K
  class space    used 9023K, capacity 9409K, committed 10160K, reserved 1048576K
Event: 3876.824 GC heap after
Heap after GC invocations=27 (full 5):
 PSYoungGen      total 461312K, used 37351K [0x00000000e0000000, 0x0000000100000000, 0x0000000100000000)
  eden space 398336K, 0% used [0x00000000e0000000,0x00000000e0000000,0x00000000f8500000)
  from space 62976K, 59% used [0x00000000fc280000,0x00000000fe6f9c88,0x0000000100000000)
  to   space 62976K, 0% used [0x00000000f8500000,0x00000000f8500000,0x00000000fc280000)
 ParOldGen       total 177152K, used 85256K [0x00000000a0000000, 0x00000000aad00000, 0x00000000e0000000)
  object space 177152K, 48% used [0x00000000a0000000,0x00000000a5342158,0x00000000aad00000)
 Metaspace       used 71972K, capacity 74100K, committed 76976K, reserved 1116160K
  class space    used 9023K, capacity 9409K, committed 10160K, reserved 1048576K
}
Event: 3876.825 GC heap before
{Heap before GC invocations=28 (full 6):
 PSYoungGen      total 461312K, used 37351K [0x00000000e0000000, 0x0000000100000000, 0x0000000100000000)
  eden space 398336K, 0% used [0x00000000e0000000,0x00000000e0000000,0x00000000f8500000)
  from space 62976K, 59% used [0x00000000fc280000,0x00000000fe6f9c88,0x0000000100000000)
  to   space 62976K, 0% used [0x00000000f8500000,0x00000000f8500000,0x00000000fc280000)
 ParOldGen       total 177152K, used 85256K [0x00000000a0000000, 0x00000000aad00000, 0x00000000e0000000)
  object space 177152K, 48% used [0x00000000a0000000,0x00000000a5342158,0x00000000aad00000)
 Metaspace       used 71972K, capacity 74100K, committed 76976K, reserved 1116160K
  class space    used 9023K, capacity 9409K, committed 10160K, reserved 1048576K
Event: 3877.119 GC heap after
Heap after GC invocations=28 (full 6):
 PSYoungGen      total 461312K, used 0K [0x00000000e0000000, 0x0000000100000000, 0x0000000100000000)
  eden space 398336K, 0% used [0x00000000e0000000,0x00000000e0000000,0x00000000f8500000)
  from space 62976K, 0% used [0x00000000fc280000,0x00000000fc280000,0x0000000100000000)
  to   space 62976K, 0% used [0x00000000f8500000,0x00000000f8500000,0x00000000fc280000)
 ParOldGen       total 177152K, used 38670K [0x00000000a0000000, 0x00000000aad00000, 0x00000000e0000000)
  object space 177152K, 21% used [0x00000000a0000000,0x00000000a25c3bb0,0x00000000aad00000)
 Metaspace       used 71931K, capacity 73986K, committed 76976K, reserved 1116160K
  class space    used 9013K, capacity 9390K, committed 10160K, reserved 1048576K
}

