# JRE version: OpenJDK Runtime Environment (8.0_76-b03) (build 1.8.0_76-release-b03)
# Java VM: OpenJDK 64-Bit Server VM (25.76-b03 mixed mode windows-amd64 compressed oops)
Heap:
 PSYoungGen      total 240128K, used 81925K [0x00000000e0000000, 0x00000000f2580000, 0x0000000100000000)
  eden space 211968K, 30% used [0x00000000e0000000,0x00000000e3e5c588,0x00000000ecf00000)
  from space 28160K, 64% used [0x00000000ecf00000,0x00000000ee0a4f88,0x00000000eea80000)
  to   space 28672K, 0% used [0x00000000f0980000,0x00000000f0980000,0x00000000f2580000)
 ParOldGen       total 90112K, used 67419K [0x00000000a0000000, 0x00000000a5800000, 0x00000000e0000000)
  object space 90112K, 74% used [0x00000000a0000000,0x00000000a41d6e28,0x00000000a5800000)
 Metaspace       used 64981K, capacity 68524K, committed 68776K, reserved 1107968K
  class space    used 8577K, capacity 9320K, committed 9392K, reserved 1048576K
GC Heap History (10 events):
Event: 53.027 GC heap before
{Heap before GC invocations=17 (full 3):
 PSYoungGen      total 196608K, used 184588K [0x00000000e0000000, 0x00000000ef380000, 0x0000000100000000)
  eden space 173568K, 100% used [0x00000000e0000000,0x00000000ea980000,0x00000000ea980000)
  from space 23040K, 47% used [0x00000000ea980000,0x00000000eb4432c0,0x00000000ec000000)
  to   space 22016K, 0% used [0x00000000ede00000,0x00000000ede00000,0x00000000ef380000)
 ParOldGen       total 90112K, used 41482K [0x00000000a0000000, 0x00000000a5800000, 0x00000000e0000000)
  object space 90112K, 46% used [0x00000000a0000000,0x00000000a2882b48,0x00000000a5800000)
 Metaspace       used 60804K, capacity 63082K, committed 63400K, reserved 1103872K
  class space    used 8023K, capacity 8530K, committed 8624K, reserved 1048576K
Event: 53.110 GC heap after
Heap after GC invocations=17 (full 3):
 PSYoungGen      total 224768K, used 20475K [0x00000000e0000000, 0x00000000efe80000, 0x0000000100000000)
  eden space 202752K, 0% used [0x00000000e0000000,0x00000000e0000000,0x00000000ec600000)
  from space 22016K, 93% used [0x00000000ede00000,0x00000000ef1fec08,0x00000000ef380000)
  to   space 24576K, 0% used [0x00000000ec600000,0x00000000ec600000,0x00000000ede00000)
 ParOldGen       total 90112K, used 41490K [0x00000000a0000000, 0x00000000a5800000, 0x00000000e0000000)
  object space 90112K, 46% used [0x00000000a0000000,0x00000000a2884b48,0x00000000a5800000)
 Metaspace       used 60804K, capacity 63082K, committed 63400K, reserved 1103872K
  class space    used 8023K, capacity 8530K, committed 8624K, reserved 1048576K
}
Event: 374.480 GC heap before
{Heap before GC invocations=18 (full 3):
 PSYoungGen      total 224768K, used 217703K [0x00000000e0000000, 0x00000000efe80000, 0x0000000100000000)
  eden space 202752K, 97% used [0x00000000e0000000,0x00000000ec09b298,0x00000000ec600000)
  from space 22016K, 93% used [0x00000000ede00000,0x00000000ef1fec08,0x00000000ef380000)
  to   space 24576K, 0% used [0x00000000ec600000,0x00000000ec600000,0x00000000ede00000)
 ParOldGen       total 90112K, used 41490K [0x00000000a0000000, 0x00000000a5800000, 0x00000000e0000000)
  object space 90112K, 46% used [0x00000000a0000000,0x00000000a2884b48,0x00000000a5800000)
 Metaspace       used 62609K, capacity 65358K, committed 65576K, reserved 1105920K
  class space    used 8281K, capacity 8887K, committed 9008K, reserved 1048576K
Event: 374.520 GC heap after
Heap after GC invocations=18 (full 3):
 PSYoungGen      total 227328K, used 24562K [0x00000000e0000000, 0x00000000f0680000, 0x0000000100000000)
  eden space 202752K, 0% used [0x00000000e0000000,0x00000000e0000000,0x00000000ec600000)
  from space 24576K, 99% used [0x00000000ec600000,0x00000000eddfcb28,0x00000000ede00000)
  to   space 28672K, 0% used [0x00000000eea80000,0x00000000eea80000,0x00000000f0680000)
 ParOldGen       total 90112K, used 44521K [0x00000000a0000000, 0x00000000a5800000, 0x00000000e0000000)
  object space 90112K, 49% used [0x00000000a0000000,0x00000000a2b7a4f0,0x00000000a5800000)
 Metaspace       used 62609K, capacity 65358K, committed 65576K, reserved 1105920K
  class space    used 8281K, capacity 8887K, committed 9008K, reserved 1048576K
}
Event: 374.520 GC heap before
{Heap before GC invocations=19 (full 4):
 PSYoungGen      total 227328K, used 24562K [0x00000000e0000000, 0x00000000f0680000, 0x0000000100000000)
  eden space 202752K, 0% used [0x00000000e0000000,0x00000000e0000000,0x00000000ec600000)
  from space 24576K, 99% used [0x00000000ec600000,0x00000000eddfcb28,0x00000000ede00000)
  to   space 28672K, 0% used [0x00000000eea80000,0x00000000eea80000,0x00000000f0680000)
 ParOldGen       total 90112K, used 44521K [0x00000000a0000000, 0x00000000a5800000, 0x00000000e0000000)
  object space 90112K, 49% used [0x00000000a0000000,0x00000000a2b7a4f0,0x00000000a5800000)
 Metaspace       used 62609K, capacity 65358K, committed 65576K, reserved 1105920K
  class space    used 8281K, capacity 8887K, committed 9008K, reserved 1048576K
Event: 375.117 GC heap after
Heap after GC invocations=19 (full 4):
 PSYoungGen      total 227328K, used 0K [0x00000000e0000000, 0x00000000f0680000, 0x0000000100000000)
  eden space 202752K, 0% used [0x00000000e0000000,0x00000000e0000000,0x00000000ec600000)
  from space 24576K, 0% used [0x00000000ec600000,0x00000000ec600000,0x00000000ede00000)
  to   space 28672K, 0% used [0x00000000eea80000,0x00000000eea80000,0x00000000f0680000)
 ParOldGen       total 90112K, used 67403K [0x00000000a0000000, 0x00000000a5800000, 0x00000000e0000000)
  object space 90112K, 74% used [0x00000000a0000000,0x00000000a41d2e28,0x00000000a5800000)
 Metaspace       used 62609K, capacity 65358K, committed 65576K, reserved 1105920K
  class space    used 8281K, capacity 8887K, committed 9008K, reserved 1048576K
}
Event: 389.987 GC heap before
{Heap before GC invocations=20 (full 4):
 PSYoungGen      total 227328K, used 202752K [0x00000000e0000000, 0x00000000f0680000, 0x0000000100000000)
  eden space 202752K, 100% used [0x00000000e0000000,0x00000000ec600000,0x00000000ec600000)
  from space 24576K, 0% used [0x00000000ec600000,0x00000000ec600000,0x00000000ede00000)
  to   space 28672K, 0% used [0x00000000eea80000,0x00000000eea80000,0x00000000f0680000)
 ParOldGen       total 90112K, used 67403K [0x00000000a0000000, 0x00000000a5800000, 0x00000000e0000000)
  object space 90112K, 74% used [0x00000000a0000000,0x00000000a41d2e28,0x00000000a5800000)
 Metaspace       used 63948K, capacity 67240K, committed 67368K, reserved 1107968K
  class space    used 8466K, capacity 9158K, committed 9264K, reserved 1048576K
Event: 390.002 GC heap after
Heap after GC invocations=20 (full 4):
 PSYoungGen      total 240640K, used 8273K [0x00000000e0000000, 0x00000000f2080000, 0x0000000100000000)
  eden space 211968K, 0% used [0x00000000e0000000,0x00000000e0000000,0x00000000ecf00000)
  from space 28672K, 28% used [0x00000000eea80000,0x00000000ef294410,0x00000000f0680000)
  to   space 28160K, 0% used [0x00000000ecf00000,0x00000000ecf00000,0x00000000eea80000)
 ParOldGen       total 90112K, used 67411K [0x00000000a0000000, 0x00000000a5800000, 0x00000000e0000000)
  object space 90112K, 74% used [0x00000000a0000000,0x00000000a41d4e28,0x00000000a5800000)
 Metaspace       used 63948K, capacity 67240K, committed 67368K, reserved 1107968K
  class space    used 8466K, capacity 9158K, committed 9264K, reserved 1048576K
}
Event: 1242.759 GC heap before
{Heap before GC invocations=21 (full 4):
 PSYoungGen      total 240640K, used 220241K [0x00000000e0000000, 0x00000000f2080000, 0x0000000100000000)
  eden space 211968K, 100% used [0x00000000e0000000,0x00000000ecf00000,0x00000000ecf00000)
  from space 28672K, 28% used [0x00000000eea80000,0x00000000ef294410,0x00000000f0680000)
  to   space 28160K, 0% used [0x00000000ecf00000,0x00000000ecf00000,0x00000000eea80000)
 ParOldGen       total 90112K, used 67411K [0x00000000a0000000, 0x00000000a5800000, 0x00000000e0000000)
  object space 90112K, 74% used [0x00000000a0000000,0x00000000a41d4e28,0x00000000a5800000)
 Metaspace       used 64926K, capacity 68390K, committed 68520K, reserved 1107968K
  class space    used 8576K, capacity 9319K, committed 9392K, reserved 1048576K
Event: 1243.856 GC heap after
Heap after GC invocations=21 (full 4):
 PSYoungGen      total 240128K, used 18067K [0x00000000e0000000, 0x00000000f2580000, 0x0000000100000000)
  eden space 211968K, 0% used [0x00000000e0000000,0x00000000e0000000,0x00000000ecf00000)
  from space 28160K, 64% used [0x00000000ecf00000,0x00000000ee0a4f88,0x00000000eea80000)
  to   space 28672K, 0% used [0x00000000f0980000,0x00000000f0980000,0x00000000f2580000)
 ParOldGen       total 90112K, used 67419K [0x00000000a0000000, 0x00000000a5800000, 0x00000000e0000000)
  object space 90112K, 74% used [0x00000000a0000000,0x00000000a41d6e28,0x00000000a5800000)
 Metaspace       used 64926K, capacity 68390K, committed 68520K, reserved 1107968K
  class space    used 8576K, capacity 9319K, committed 9392K, reserved 1048576K
}

