# JRE version: OpenJDK Runtime Environment (8.0_76-b03) (build 1.8.0_76-release-b03)
# Java VM: OpenJDK 64-Bit Server VM (25.76-b03 mixed mode windows-amd64 compressed oops)
Heap:
 PSYoungGen      total 171008K, used 101179K [0x00000000e0000000, 0x00000000ebd80000, 0x0000000100000000)
  eden space 159232K, 63% used [0x00000000e0000000,0x00000000e62cef30,0x00000000e9b80000)
  from space 11776K, 0% used [0x00000000ea700000,0x00000000ea700000,0x00000000eb280000)
  to   space 11776K, 0% used [0x00000000e9b80000,0x00000000e9b80000,0x00000000ea700000)
 ParOldGen       total 80384K, used 15217K [0x00000000a0000000, 0x00000000a4e80000, 0x00000000e0000000)
  object space 80384K, 18% used [0x00000000a0000000,0x00000000a0edc408,0x00000000a4e80000)
 Metaspace       used 41538K, capacity 42350K, committed 42624K, reserved 1085440K
  class space    used 5519K, capacity 5705K, committed 5760K, reserved 1048576K
GC Heap History (10 events):
Event: 6.759 GC heap before
{Heap before GC invocations=6 (full 1):
 PSYoungGen      total 68608K, used 63488K [0x00000000e0000000, 0x00000000e4800000, 0x0000000100000000)
  eden space 63488K, 100% used [0x00000000e0000000,0x00000000e3e00000,0x00000000e3e00000)
  from space 5120K, 0% used [0x00000000e4300000,0x00000000e4300000,0x00000000e4800000)
  to   space 5120K, 0% used [0x00000000e3e00000,0x00000000e3e00000,0x00000000e4300000)
 ParOldGen       total 59904K, used 8567K [0x00000000a0000000, 0x00000000a3a80000, 0x00000000e0000000)
  object space 59904K, 14% used [0x00000000a0000000,0x00000000a085dee0,0x00000000a3a80000)
 Metaspace       used 25783K, capacity 26254K, committed 26496K, reserved 1073152K
  class space    used 3541K, capacity 3679K, committed 3712K, reserved 1048576K
Event: 6.799 GC heap after
Heap after GC invocations=6 (full 1):
 PSYoungGen      total 68608K, used 5092K [0x00000000e0000000, 0x00000000e7580000, 0x0000000100000000)
  eden space 63488K, 0% used [0x00000000e0000000,0x00000000e0000000,0x00000000e3e00000)
  from space 5120K, 99% used [0x00000000e3e00000,0x00000000e42f9390,0x00000000e4300000)
  to   space 10240K, 0% used [0x00000000e6b80000,0x00000000e6b80000,0x00000000e7580000)
 ParOldGen       total 59904K, used 10743K [0x00000000a0000000, 0x00000000a3a80000, 0x00000000e0000000)
  object space 59904K, 17% used [0x00000000a0000000,0x00000000a0a7df80,0x00000000a3a80000)
 Metaspace       used 25783K, capacity 26254K, committed 26496K, reserved 1073152K
  class space    used 3541K, capacity 3679K, committed 3712K, reserved 1048576K
}
Event: 8.126 GC heap before
{Heap before GC invocations=7 (full 1):
 PSYoungGen      total 68608K, used 68580K [0x00000000e0000000, 0x00000000e7580000, 0x0000000100000000)
  eden space 63488K, 100% used [0x00000000e0000000,0x00000000e3e00000,0x00000000e3e00000)
  from space 5120K, 99% used [0x00000000e3e00000,0x00000000e42f9390,0x00000000e4300000)
  to   space 10240K, 0% used [0x00000000e6b80000,0x00000000e6b80000,0x00000000e7580000)
 ParOldGen       total 59904K, used 10743K [0x00000000a0000000, 0x00000000a3a80000, 0x00000000e0000000)
  object space 59904K, 17% used [0x00000000a0000000,0x00000000a0a7df80,0x00000000a3a80000)
 Metaspace       used 27844K, capacity 28326K, committed 28544K, reserved 1073152K
  class space    used 3791K, capacity 3939K, committed 3968K, reserved 1048576K
Event: 8.159 GC heap after
Heap after GC invocations=7 (full 1):
 PSYoungGen      total 110080K, used 5540K [0x00000000e0000000, 0x00000000e7600000, 0x0000000100000000)
  eden space 99840K, 0% used [0x00000000e0000000,0x00000000e0000000,0x00000000e6180000)
  from space 10240K, 54% used [0x00000000e6b80000,0x00000000e70e9270,0x00000000e7580000)
  to   space 10240K, 0% used [0x00000000e6180000,0x00000000e6180000,0x00000000e6b80000)
 ParOldGen       total 59904K, used 10743K [0x00000000a0000000, 0x00000000a3a80000, 0x00000000e0000000)
  object space 59904K, 17% used [0x00000000a0000000,0x00000000a0a7df80,0x00000000a3a80000)
 Metaspace       used 27844K, capacity 28326K, committed 28544K, reserved 1073152K
  class space    used 3791K, capacity 3939K, committed 3968K, reserved 1048576K
}
Event: 9.925 GC heap before
{Heap before GC invocations=8 (full 1):
 PSYoungGen      total 110080K, used 105380K [0x00000000e0000000, 0x00000000e7600000, 0x0000000100000000)
  eden space 99840K, 100% used [0x00000000e0000000,0x00000000e6180000,0x00000000e6180000)
  from space 10240K, 54% used [0x00000000e6b80000,0x00000000e70e9270,0x00000000e7580000)
  to   space 10240K, 0% used [0x00000000e6180000,0x00000000e6180000,0x00000000e6b80000)
 ParOldGen       total 59904K, used 10743K [0x00000000a0000000, 0x00000000a3a80000, 0x00000000e0000000)
  object space 59904K, 17% used [0x00000000a0000000,0x00000000a0a7df80,0x00000000a3a80000)
 Metaspace       used 33689K, capacity 34218K, committed 34688K, reserved 1079296K
  class space    used 4515K, capacity 4692K, committed 4736K, reserved 1048576K
Event: 9.981 GC heap after
Heap after GC invocations=8 (full 1):
 PSYoungGen      total 110080K, used 10214K [0x00000000e0000000, 0x00000000eb280000, 0x0000000100000000)
  eden space 99840K, 0% used [0x00000000e0000000,0x00000000e0000000,0x00000000e6180000)
  from space 10240K, 99% used [0x00000000e6180000,0x00000000e6b79b38,0x00000000e6b80000)
  to   space 11776K, 0% used [0x00000000ea700000,0x00000000ea700000,0x00000000eb280000)
 ParOldGen       total 59904K, used 11450K [0x00000000a0000000, 0x00000000a3a80000, 0x00000000e0000000)
  object space 59904K, 19% used [0x00000000a0000000,0x00000000a0b2e970,0x00000000a3a80000)
 Metaspace       used 33689K, capacity 34218K, committed 34688K, reserved 1079296K
  class space    used 4515K, capacity 4692K, committed 4736K, reserved 1048576K
}
Event: 10.107 GC heap before
{Heap before GC invocations=9 (full 1):
 PSYoungGen      total 110080K, used 19737K [0x00000000e0000000, 0x00000000eb280000, 0x0000000100000000)
  eden space 99840K, 9% used [0x00000000e0000000,0x00000000e094cb68,0x00000000e6180000)
  from space 10240K, 99% used [0x00000000e6180000,0x00000000e6b79b38,0x00000000e6b80000)
  to   space 11776K, 0% used [0x00000000ea700000,0x00000000ea700000,0x00000000eb280000)
 ParOldGen       total 59904K, used 11450K [0x00000000a0000000, 0x00000000a3a80000, 0x00000000e0000000)
  object space 59904K, 19% used [0x00000000a0000000,0x00000000a0b2e970,0x00000000a3a80000)
 Metaspace       used 34668K, capacity 35260K, committed 35496K, reserved 1079296K
  class space    used 4632K, capacity 4823K, committed 4864K, reserved 1048576K
Event: 10.120 GC heap after
Heap after GC invocations=9 (full 1):
 PSYoungGen      total 171008K, used 8269K [0x00000000e0000000, 0x00000000ebd80000, 0x0000000100000000)
  eden space 159232K, 0% used [0x00000000e0000000,0x00000000e0000000,0x00000000e9b80000)
  from space 11776K, 70% used [0x00000000ea700000,0x00000000eaf13408,0x00000000eb280000)
  to   space 11776K, 0% used [0x00000000e9b80000,0x00000000e9b80000,0x00000000ea700000)
 ParOldGen       total 59904K, used 11458K [0x00000000a0000000, 0x00000000a3a80000, 0x00000000e0000000)
  object space 59904K, 19% used [0x00000000a0000000,0x00000000a0b30970,0x00000000a3a80000)
 Metaspace       used 34668K, capacity 35260K, committed 35496K, reserved 1079296K
  class space    used 4632K, capacity 4823K, committed 4864K, reserved 1048576K
}
Event: 10.120 GC heap before
{Heap before GC invocations=10 (full 2):
 PSYoungGen      total 171008K, used 8269K [0x00000000e0000000, 0x00000000ebd80000, 0x0000000100000000)
  eden space 159232K, 0% used [0x00000000e0000000,0x00000000e0000000,0x00000000e9b80000)
  from space 11776K, 70% used [0x00000000ea700000,0x00000000eaf13408,0x00000000eb280000)
  to   space 11776K, 0% used [0x00000000e9b80000,0x00000000e9b80000,0x00000000ea700000)
 ParOldGen       total 59904K, used 11458K [0x00000000a0000000, 0x00000000a3a80000, 0x00000000e0000000)
  object space 59904K, 19% used [0x00000000a0000000,0x00000000a0b30970,0x00000000a3a80000)
 Metaspace       used 34668K, capacity 35260K, committed 35496K, reserved 1079296K
  class space    used 4632K, capacity 4823K, committed 4864K, reserved 1048576K
Event: 10.224 GC heap after
Heap after GC invocations=10 (full 2):
 PSYoungGen      total 171008K, used 0K [0x00000000e0000000, 0x00000000ebd80000, 0x0000000100000000)
  eden space 159232K, 0% used [0x00000000e0000000,0x00000000e0000000,0x00000000e9b80000)
  from space 11776K, 0% used [0x00000000ea700000,0x00000000ea700000,0x00000000eb280000)
  to   space 11776K, 0% used [0x00000000e9b80000,0x00000000e9b80000,0x00000000ea700000)
 ParOldGen       total 80384K, used 15217K [0x00000000a0000000, 0x00000000a4e80000, 0x00000000e0000000)
  object space 80384K, 18% used [0x00000000a0000000,0x00000000a0edc408,0x00000000a4e80000)
 Metaspace       used 34668K, capacity 35260K, committed 35496K, reserved 1079296K
  class space    used 4632K, capacity 4823K, committed 4864K, reserved 1048576K
}

